2026-02-17 03:44:12.2724|INFO|Microsoft.Oryx.BuildScriptGeneratorCli.CommandBase|Oryx command line: /usr/local/buildscriptgen/GenerateBuildScript.dll build --manifest-dir /workspaces/.oryx --property packagedir=/home/codespace/.local/lib/python3.12/site-packages --property python_version=3.12.1 --log-file /workspaces/.oryx/build.log /workspaces/Personal-Webiste
2026-02-17 03:44:13.6731|DEBUG|Microsoft.Oryx.BuildScriptGenerator.DefaultBuildScriptGenerator|Available checkers: 5
2026-02-17 03:44:13.7099|DEBUG|Microsoft.Oryx.Detector.Node.NodeDetector|Could not find package.json/package-lock.json/yarn.lock in repo
2026-02-17 03:44:13.7164|DEBUG|Microsoft.Oryx.Detector.Node.NodeDetector|Could not find typical Node.js files in repo
2026-02-17 03:44:13.7164|DEBUG|Microsoft.Oryx.Detector.Node.NodeDetector|App in repo is not a NodeJS app
2026-02-17 03:44:14.1760|ERROR|Microsoft.Oryx.Detector.Python.PythonDetector|Cound not find 726571756972656d656e74732e747874 at the root of the repo. More information: https://aka.ms/requirements-not-found
2026-02-17 03:44:14.1769|ERROR|Microsoft.Oryx.Detector.Python.PythonDetector|Missing setup.py at the root of the repo. More information: https://aka.ms/requirements-not-found
2026-02-17 03:44:14.1788|ERROR|Microsoft.Oryx.Detector.Python.PythonDetector|Missing setup.py at the root of the repo. More information: https://aka.ms/requirements-not-found
2026-02-17 03:44:14.1793|ERROR|Microsoft.Oryx.Detector.Python.PythonDetector|Missing uv.lock at the root of the repo. More information: https://aka.ms/requirements-not-found
2026-02-17 03:44:14.1830|DEBUG|Microsoft.Oryx.Detector.Python.PythonDetector|Could not find file 'runtime.txt' in source repo
2026-02-17 03:44:14.1901|INFO|Microsoft.Oryx.Detector.Python.PythonDetector|Could not find any file with extension '*.py' in the repo.
2026-02-17 03:44:14.1980|DEBUG|Microsoft.Oryx.Detector.DotNetCore.ExplicitProjectFileProvider|No request to build a particular project file explicitly using the PROJECT environment variable
2026-02-17 03:44:14.2046|DEBUG|Microsoft.Oryx.Detector.DotNetCore.ProbeAndFindProjectFileProvider|Could not find any files with extension 'csproj' in repo.
2026-02-17 03:44:14.2081|DEBUG|Microsoft.Oryx.Detector.DotNetCore.ProbeAndFindProjectFileProvider|Could not find any files with extension 'fsproj' in repo.
2026-02-17 03:44:14.2095|DEBUG|Microsoft.Oryx.Detector.Php.PhpDetector|File 'composer.json' does not exist in source repo
2026-02-17 03:44:14.2110|INFO|Microsoft.Oryx.Detector.Php.PhpDetector|Could not find any file with extension '*.php' in the repo.
2026-02-17 03:44:14.2153|DEBUG|Microsoft.Oryx.Detector.Ruby.RubyDetector|Could not find Gemfile in repo
2026-02-17 03:44:14.2153|DEBUG|Microsoft.Oryx.Detector.Ruby.RubyDetector|Could not find typical Ruby files in repo
2026-02-17 03:44:14.2153|DEBUG|Microsoft.Oryx.Detector.Ruby.RubyDetector|App in repo is not a Ruby app
2026-02-17 03:44:14.2167|ERROR|Microsoft.Oryx.Detector.Golang.GolangDetector|Could not find go.mod in repo
2026-02-17 03:44:14.2223|DEBUG|Microsoft.Oryx.Detector.Java.JavaDetector|Could not find any files with the following extensions in the repo: java, jsp
2026-02-17 03:44:14.2300|DEBUG|Microsoft.Oryx.BuildScriptGenerator.DefaultCompatiblePlatformDetector|Detecting platform using 'nodejs'...
2026-02-17 03:44:14.2350|ERROR|Microsoft.Oryx.BuildScriptGenerator.DefaultCompatiblePlatformDetector|Platform 'nodejs' was not detected in the given repository.
2026-02-17 03:44:14.2998|DEBUG|Microsoft.Oryx.BuildScriptGenerator.DefaultCompatiblePlatformDetector|Detecting platform using 'hugo'...
2026-02-17 03:44:14.2998|ERROR|Microsoft.Oryx.BuildScriptGenerator.DefaultCompatiblePlatformDetector|Platform 'hugo' was not detected in the given repository.
2026-02-17 03:44:14.2998|DEBUG|Microsoft.Oryx.BuildScriptGenerator.DefaultCompatiblePlatformDetector|Detecting platform using 'python'...
2026-02-17 03:44:14.2998|ERROR|Microsoft.Oryx.BuildScriptGenerator.DefaultCompatiblePlatformDetector|Platform 'python' was not detected in the given repository.
2026-02-17 03:44:14.2998|DEBUG|Microsoft.Oryx.BuildScriptGenerator.DefaultCompatiblePlatformDetector|Detecting platform using 'dotnet'...
2026-02-17 03:44:14.2998|ERROR|Microsoft.Oryx.BuildScriptGenerator.DefaultCompatiblePlatformDetector|Platform 'dotnet' was not detected in the given repository.
2026-02-17 03:44:14.3002|DEBUG|Microsoft.Oryx.BuildScriptGenerator.DefaultCompatiblePlatformDetector|Detecting platform using 'php'...
2026-02-17 03:44:14.3002|ERROR|Microsoft.Oryx.BuildScriptGenerator.DefaultCompatiblePlatformDetector|Platform 'php' was not detected in the given repository.
2026-02-17 03:44:14.3002|DEBUG|Microsoft.Oryx.BuildScriptGenerator.DefaultCompatiblePlatformDetector|Detecting platform using 'ruby'...
2026-02-17 03:44:14.3002|ERROR|Microsoft.Oryx.BuildScriptGenerator.DefaultCompatiblePlatformDetector|Platform 'ruby' was not detected in the given repository.
2026-02-17 03:44:14.3002|DEBUG|Microsoft.Oryx.BuildScriptGenerator.DefaultCompatiblePlatformDetector|Detecting platform using 'golang'...
2026-02-17 03:44:14.3002|ERROR|Microsoft.Oryx.BuildScriptGenerator.DefaultCompatiblePlatformDetector|Platform 'golang' was not detected in the given repository.
2026-02-17 03:44:14.3002|DEBUG|Microsoft.Oryx.BuildScriptGenerator.DefaultCompatiblePlatformDetector|Detecting platform using 'java'...
2026-02-17 03:44:14.3002|ERROR|Microsoft.Oryx.BuildScriptGenerator.DefaultCompatiblePlatformDetector|Platform 'java' was not detected in the given repository.
2026-02-17 03:44:14.3085|DEBUG|Microsoft.Oryx.BuildScriptGenerator.DefaultBuildScriptGenerator|Running checkers
2026-02-17 03:44:14.3400|INFO|Microsoft.Oryx.BuildScriptGenerator.DefaultBuildScriptGenerator|Running 0 applicable checkers for 0 tools: 
2026-02-17 03:44:14.3550|ERROR|Microsoft.Oryx.BuildScriptGeneratorCli.BuildScriptGenerator|Invalid usageMicrosoft.Oryx.BuildScriptGenerator.Exceptions.UnsupportedPlatformException: Could not detect the language from repo.
   at Microsoft.Oryx.BuildScriptGenerator.DefaultBuildScriptGenerator.GenerateBashScript(BuildScriptGeneratorContext context, String& script, List`1 checkerMessageSink) in /opt/tmp/oryx-repo/src/BuildScriptGenerator/DefaultBuildScriptGenerator.cs:line 166
   at Microsoft.Oryx.BuildScriptGeneratorCli.BuildScriptGenerator.TryGenerateScript(String& generatedScript, Exception& exception) in /opt/tmp/oryx-repo/src/BuildScriptGeneratorCli/BuildScriptGenerator.cs:line 63
2026-02-17 03:44:14.3816|DEBUG|Microsoft.Oryx.BuildScriptGeneratorCli.BuildCommand|No checker messages emitted
